    ======  ======
    Time:7/10/2017 11:13:56 PM
    Title: Initiate log
    Message: 
    Time:7/10/2017 11:13:56 PM
    Title: Initiate InternalManager
    Message: Trying to Validate License
    Time:7/10/2017 11:13:56 PM
    Title: Requesting EVT
    Message: EVTP
    Time:7/10/2017 11:13:56 PM
    Title: Requesting Validation
    Message: ILMValidate
    Time:7/10/2017 11:13:56 PM
    Title: LICENSER
    Message: TRL MODE
    Time:7/10/2017 11:13:56 PM
    Title: LICENSER
    Message: DS LEFT21
    Time:7/10/2017 11:13:56 PM
    Title: LICENSER
    Message: DT MARK PASSED21.00:00:00
    Time:7/10/2017 11:13:56 PM
    Title: Requesting Validation
    Message: ILMValidate True
    Time:7/10/2017 11:13:56 PM
    Title: Requesting Validation
    Message: ILMValidate True Trial

    Title: Requesting Validation
    Message: ILMValidate True Trial
